{
  "RSpec": {
    "coverage": {
      "/Users/brendanbondurant/1mod/ICs/auction_2308/auction_2308/lib/attendee.rb": {
        "lines": [
          1,
          1,
          1,
          36,
          36,
          null,
          null,
          null
        ]
      },
      "/Users/brendanbondurant/1mod/ICs/auction_2308/auction_2308/lib/auction.rb": {
        "lines": [
          1,
          1,
          1,
          17,
          null,
          null,
          1,
          39,
          null,
          null,
          1,
          1,
          1,
          2,
          null,
          1,
          null,
          null,
          1,
          2,
          10,
          null,
          2,
          null,
          null,
          1,
          1,
          1,
          5,
          3,
          null,
          null,
          1,
          null,
          null,
          null
        ]
      },
      "/Users/brendanbondurant/1mod/ICs/auction_2308/auction_2308/lib/item.rb": {
        "lines": [
          1,
          1,
          1,
          55,
          55,
          null,
          null,
          1,
          12,
          null,
          null,
          1,
          2,
          null,
          null
        ]
      },
      "/Users/brendanbondurant/1mod/ICs/auction_2308/auction_2308/spec/auction_spec.rb": {
        "lines": [
          1,
          null,
          1,
          1,
          6,
          6,
          6,
          6,
          6,
          6,
          6,
          6,
          6,
          6,
          null,
          null,
          1,
          1,
          1,
          null,
          1,
          1,
          null,
          null,
          null,
          1,
          1,
          1,
          1,
          1,
          1,
          null,
          null,
          null,
          1,
          1,
          1,
          1,
          1,
          null,
          null,
          null,
          1,
          1,
          1,
          1,
          1,
          1,
          1,
          1,
          1,
          1,
          1,
          1,
          1,
          null,
          null,
          null,
          1,
          1,
          1,
          1,
          1,
          1,
          1,
          1,
          1,
          1,
          1,
          1,
          null,
          null,
          null,
          null,
          null,
          null,
          null
        ]
      },
      "/Users/brendanbondurant/1mod/ICs/auction_2308/auction_2308/spec/item_spec.rb": {
        "lines": [
          1,
          null,
          1,
          1,
          5,
          5,
          5,
          5,
          5,
          5,
          5,
          5,
          5,
          5,
          5,
          5,
          5,
          5,
          null,
          null,
          1,
          1,
          1,
          null,
          1,
          1,
          null,
          null,
          null,
          1,
          1,
          1,
          null,
          null,
          1,
          1,
          1,
          1,
          1,
          1,
          1,
          null,
          null,
          1,
          1,
          1,
          1,
          1,
          1,
          null,
          null,
          null,
          null,
          null
        ]
      }
    },
    "timestamp": 1695744102
  }
}
