{
  "RSpec": {
    "coverage": {
      "/Users/brendanbondurant/1mod/ICs/auction_2308/auction_2308/lib/attendee.rb": {
        "lines": [
          1,
          1,
          1,
          30,
          30,
          null,
          null,
          null
        ]
      },
      "/Users/brendanbondurant/1mod/ICs/auction_2308/auction_2308/lib/auction.rb": {
        "lines": [
          1,
          1,
          1,
          13,
          null,
          null,
          1,
          29,
          null,
          null,
          1,
          1,
          1,
          2,
          null,
          1,
          null,
          null
        ]
      },
      "/Users/brendanbondurant/1mod/ICs/auction_2308/auction_2308/lib/item.rb": {
        "lines": [
          1,
          1,
          1,
          45,
          45,
          null,
          null,
          1,
          4,
          null,
          null,
          1,
          2,
          null,
          null
        ]
      },
      "/Users/brendanbondurant/1mod/ICs/auction_2308/auction_2308/spec/auction_spec.rb": {
        "lines": [
          1,
          null,
          1,
          1,
          4,
          4,
          4,
          4,
          4,
          4,
          4,
          4,
          4,
          4,
          null,
          null,
          1,
          1,
          1,
          null,
          1,
          1,
          null,
          null,
          null,
          1,
          1,
          1,
          1,
          1,
          1,
          null,
          null,
          1,
          1,
          1,
          1,
          1,
          null,
          null,
          null,
          null,
          null,
          null
        ]
      },
      "/Users/brendanbondurant/1mod/ICs/auction_2308/auction_2308/spec/item_spec.rb": {
        "lines": [
          1,
          null,
          1,
          1,
          5,
          5,
          5,
          5,
          5,
          5,
          5,
          5,
          5,
          5,
          5,
          5,
          5,
          5,
          null,
          null,
          1,
          1,
          1,
          null,
          1,
          1,
          null,
          null,
          null,
          1,
          1,
          1,
          null,
          null,
          1,
          1,
          1,
          1,
          1,
          1,
          1,
          null,
          null,
          1,
          1,
          1,
          1,
          1,
          1,
          null,
          null,
          null,
          null
        ]
      }
    },
    "timestamp": 1695743064
  }
}
